Build started 12/9/2014 4:30:42 PM.
     1>Project "C:\Users\bryson.au\Documents\GitHub\3rd-Project-Library\MyLibraryProject\MyLibraryProject\MyLibraryProject.vcxproj" on node 2 (Build target(s)).
     1>ClCompile:
         C:\Program Files (x86)\Microsoft Visual Studio 12.0\VC\bin\CL.exe /c /ZI /nologo /W3 /WX- /Od /Oy- /D WIN32 /D _DEBUG /D _LIB /D _UNICODE /D UNICODE /Gm /EHsc /RTC1 /MDd /GS /fp:precise /Zc:wchar_t /Zc:forScope /Fo"Debug\\" /Fd"Debug\vc120.pdb" /Gd /TP /analyze- /errorReport:prompt MyLibrary\Matrices3x3.cpp MyLibrary\Matrices4x4.cpp MyLibrary\MyLibrary.cpp
         Matrices4x4.cpp
         Matrices3x3.cpp
         Generating Code...
         Skipping... (no relevant changes detected)
         MyLibrary.cpp
       Lib:
         C:\Program Files (x86)\Microsoft Visual Studio 12.0\VC\bin\Lib.exe /OUT:"C:\Users\bryson.au\Documents\GitHub\3rd-Project-Library\MyLibraryProject\Debug\MyLibraryProject.lib" /NOLOGO Debug\Matrices3x3.obj
         Debug\Matrices4x4.obj
         Debug\MyLibrary.obj
         Debug\Vector2D.obj
         Debug\Vector3D.obj
         Debug\Vector4D.obj
         MyLibraryProject.vcxproj -> C:\Users\bryson.au\Documents\GitHub\3rd-Project-Library\MyLibraryProject\Debug\MyLibraryProject.lib
     1>Done Building Project "C:\Users\bryson.au\Documents\GitHub\3rd-Project-Library\MyLibraryProject\MyLibraryProject\MyLibraryProject.vcxproj" (Build target(s)).

Build succeeded.

Time Elapsed 00:00:01.08
