c:\users\bryson.au\documents\github\3rd-project-library\mylibraryproject\librarydllassessment3\debug\vc120.pdb
c:\users\bryson.au\documents\github\3rd-project-library\mylibraryproject\librarydllassessment3\debug\vc120.idb
c:\users\bryson.au\documents\github\3rd-project-library\mylibraryproject\librarydllassessment3\debug\matrices3x3.obj
c:\users\bryson.au\documents\github\3rd-project-library\mylibraryproject\librarydllassessment3\debug\matrices4x4.obj
c:\users\bryson.au\documents\github\3rd-project-library\mylibraryproject\librarydllassessment3\debug\mylibrary.obj
c:\users\bryson.au\documents\github\3rd-project-library\mylibraryproject\librarydllassessment3\debug\vector2d.obj
c:\users\bryson.au\documents\github\3rd-project-library\mylibraryproject\librarydllassessment3\debug\vector3d.obj
c:\users\bryson.au\documents\github\3rd-project-library\mylibraryproject\librarydllassessment3\debug\vector4d.obj
c:\users\bryson.au\documents\github\3rd-project-library\mylibraryproject\debug\librarydllassessment3.lib
c:\users\bryson.au\documents\github\3rd-project-library\mylibraryproject\debug\librarydllassessment3.exp
c:\users\bryson.au\documents\github\3rd-project-library\mylibraryproject\debug\librarydllassessment3.ilk
c:\users\bryson.au\documents\github\3rd-project-library\mylibraryproject\debug\librarydllassessment3.dll
c:\users\bryson.au\documents\github\3rd-project-library\mylibraryproject\debug\librarydllassessment3.pdb
c:\users\bryson.au\documents\github\3rd-project-library\mylibraryproject\librarydllassessment3\debug\libraryd.3926b7a6.tlog\cl.command.1.tlog
c:\users\bryson.au\documents\github\3rd-project-library\mylibraryproject\librarydllassessment3\debug\libraryd.3926b7a6.tlog\cl.read.1.tlog
c:\users\bryson.au\documents\github\3rd-project-library\mylibraryproject\librarydllassessment3\debug\libraryd.3926b7a6.tlog\cl.write.1.tlog
c:\users\bryson.au\documents\github\3rd-project-library\mylibraryproject\librarydllassessment3\debug\libraryd.3926b7a6.tlog\librarydllassessment3.write.1u.tlog
c:\users\bryson.au\documents\github\3rd-project-library\mylibraryproject\librarydllassessment3\debug\libraryd.3926b7a6.tlog\link.command.1.tlog
c:\users\bryson.au\documents\github\3rd-project-library\mylibraryproject\librarydllassessment3\debug\libraryd.3926b7a6.tlog\link.read.1.tlog
c:\users\bryson.au\documents\github\3rd-project-library\mylibraryproject\librarydllassessment3\debug\libraryd.3926b7a6.tlog\link.write.1.tlog
